  pointer.c
C:\Dev\c-study\NadoCoding\NadoCoding\pointer.c(13,9): warning C4477: 'printf' : 서식 문자열 '%d'에 'int' 형식의 인수가 필요하지만 variadic 인수 1의 형식이 'int *'입니다.
C:\Dev\c-study\NadoCoding\NadoCoding\pointer.c(13,9): warning C4313: 'printf': 서식 문자열의 '%d'이(가) 인수 1('int *' 형식)과(와) 충돌합니다.
C:\Dev\c-study\NadoCoding\NadoCoding\pointer.c(14,9): warning C4477: 'printf' : 서식 문자열 '%d'에 'int' 형식의 인수가 필요하지만 variadic 인수 1의 형식이 'int *'입니다.
C:\Dev\c-study\NadoCoding\NadoCoding\pointer.c(14,9): warning C4313: 'printf': 서식 문자열의 '%d'이(가) 인수 1('int *' 형식)과(와) 충돌합니다.
C:\Dev\c-study\NadoCoding\NadoCoding\pointer.c(15,9): warning C4477: 'printf' : 서식 문자열 '%d'에 'int' 형식의 인수가 필요하지만 variadic 인수 1의 형식이 'int *'입니다.
C:\Dev\c-study\NadoCoding\NadoCoding\pointer.c(15,9): warning C4313: 'printf': 서식 문자열의 '%d'이(가) 인수 1('int *' 형식)과(와) 충돌합니다.
C:\Dev\c-study\NadoCoding\NadoCoding\pointer.c(20,9): warning C4477: 'printf' : 서식 문자열 '%d'에 'int' 형식의 인수가 필요하지만 variadic 인수 1의 형식이 'int *'입니다.
C:\Dev\c-study\NadoCoding\NadoCoding\pointer.c(20,9): warning C4313: 'printf': 서식 문자열의 '%d'이(가) 인수 1('int *' 형식)과(와) 충돌합니다.
C:\Dev\c-study\NadoCoding\NadoCoding\pointer.c(23,9): warning C4477: 'printf' : 서식 문자열 '%d'에 'int' 형식의 인수가 필요하지만 variadic 인수 1의 형식이 'int *'입니다.
C:\Dev\c-study\NadoCoding\NadoCoding\pointer.c(23,9): warning C4313: 'printf': 서식 문자열의 '%d'이(가) 인수 1('int *' 형식)과(와) 충돌합니다.
C:\Dev\c-study\NadoCoding\NadoCoding\pointer.c(26,9): warning C4477: 'printf' : 서식 문자열 '%d'에 'int' 형식의 인수가 필요하지만 variadic 인수 1의 형식이 'int *'입니다.
C:\Dev\c-study\NadoCoding\NadoCoding\pointer.c(26,9): warning C4313: 'printf': 서식 문자열의 '%d'이(가) 인수 1('int *' 형식)과(와) 충돌합니다.
C:\Dev\c-study\NadoCoding\NadoCoding\pointer.c(31,9): warning C4477: 'printf' : 서식 문자열 '%d'에 'int' 형식의 인수가 필요하지만 variadic 인수 1의 형식이 'int *'입니다.
C:\Dev\c-study\NadoCoding\NadoCoding\pointer.c(31,9): warning C4313: 'printf': 서식 문자열의 '%d'이(가) 인수 1('int *' 형식)과(와) 충돌합니다.
C:\Dev\c-study\NadoCoding\NadoCoding\pointer.c(35,9): warning C4477: 'printf' : 서식 문자열 '%d'에 'int' 형식의 인수가 필요하지만 variadic 인수 1의 형식이 'int *'입니다.
C:\Dev\c-study\NadoCoding\NadoCoding\pointer.c(35,9): warning C4313: 'printf': 서식 문자열의 '%d'이(가) 인수 1('int *' 형식)과(와) 충돌합니다.
C:\Dev\c-study\NadoCoding\NadoCoding\pointer.c(39,9): warning C4477: 'printf' : 서식 문자열 '%d'에 'int' 형식의 인수가 필요하지만 variadic 인수 1의 형식이 'int *'입니다.
C:\Dev\c-study\NadoCoding\NadoCoding\pointer.c(39,9): warning C4313: 'printf': 서식 문자열의 '%d'이(가) 인수 1('int *' 형식)과(와) 충돌합니다.
C:\Dev\c-study\NadoCoding\NadoCoding\pointer.c(48,9): warning C4477: 'printf' : 서식 문자열 '%d'에 'int' 형식의 인수가 필요하지만 variadic 인수 1의 형식이 'int *'입니다.
C:\Dev\c-study\NadoCoding\NadoCoding\pointer.c(48,9): warning C4313: 'printf': 서식 문자열의 '%d'이(가) 인수 1('int *' 형식)과(와) 충돌합니다.
C:\Dev\c-study\NadoCoding\NadoCoding\pointer.c(52,9): warning C4477: 'printf' : 서식 문자열 '%d'에 'int' 형식의 인수가 필요하지만 variadic 인수 1의 형식이 'int *'입니다.
C:\Dev\c-study\NadoCoding\NadoCoding\pointer.c(52,9): warning C4313: 'printf': 서식 문자열의 '%d'이(가) 인수 1('int *' 형식)과(와) 충돌합니다.
C:\Dev\c-study\NadoCoding\NadoCoding\pointer.c(56,9): warning C4477: 'printf' : 서식 문자열 '%d'에 'int' 형식의 인수가 필요하지만 variadic 인수 1의 형식이 'int *'입니다.
C:\Dev\c-study\NadoCoding\NadoCoding\pointer.c(56,9): warning C4313: 'printf': 서식 문자열의 '%d'이(가) 인수 1('int *' 형식)과(와) 충돌합니다.
C:\Dev\c-study\NadoCoding\NadoCoding\pointer.c(60,9): warning C4477: 'printf' : 서식 문자열 '%d'에 'int' 형식의 인수가 필요하지만 variadic 인수 1의 형식이 'int *'입니다.
C:\Dev\c-study\NadoCoding\NadoCoding\pointer.c(60,9): warning C4313: 'printf': 서식 문자열의 '%d'이(가) 인수 1('int *' 형식)과(와) 충돌합니다.
C:\Dev\c-study\NadoCoding\NadoCoding\pointer.c(61,9): warning C4477: 'printf' : 서식 문자열 '%d'에 'int' 형식의 인수가 필요하지만 variadic 인수 1의 형식이 'int *'입니다.
C:\Dev\c-study\NadoCoding\NadoCoding\pointer.c(61,9): warning C4313: 'printf': 서식 문자열의 '%d'이(가) 인수 1('int *' 형식)과(와) 충돌합니다.
C:\Dev\c-study\NadoCoding\NadoCoding\pointer.c(62,9): warning C4477: 'printf' : 서식 문자열 '%d'에 'int' 형식의 인수가 필요하지만 variadic 인수 1의 형식이 'int *'입니다.
C:\Dev\c-study\NadoCoding\NadoCoding\pointer.c(62,9): warning C4313: 'printf': 서식 문자열의 '%d'이(가) 인수 1('int *' 형식)과(와) 충돌합니다.
C:\Dev\c-study\NadoCoding\NadoCoding\pointer.c(65,9): warning C4477: 'printf' : 서식 문자열 '%d'에 'int' 형식의 인수가 필요하지만 variadic 인수 1의 형식이 'int **'입니다.
C:\Dev\c-study\NadoCoding\NadoCoding\pointer.c(65,9): warning C4313: 'printf': 서식 문자열의 '%d'이(가) 인수 1('int **' 형식)과(와) 충돌합니다.
C:\Dev\c-study\NadoCoding\NadoCoding\pointer.c(66,9): warning C4477: 'printf' : 서식 문자열 '%d'에 'int' 형식의 인수가 필요하지만 variadic 인수 1의 형식이 'int **'입니다.
C:\Dev\c-study\NadoCoding\NadoCoding\pointer.c(66,9): warning C4313: 'printf': 서식 문자열의 '%d'이(가) 인수 1('int **' 형식)과(와) 충돌합니다.
C:\Dev\c-study\NadoCoding\NadoCoding\pointer.c(92,9): warning C4477: 'printf' : 서식 문자열 '%d'에 'int' 형식의 인수가 필요하지만 variadic 인수 1의 형식이 'int *'입니다.
C:\Dev\c-study\NadoCoding\NadoCoding\pointer.c(92,9): warning C4313: 'printf': 서식 문자열의 '%d'이(가) 인수 1('int *' 형식)과(와) 충돌합니다.
C:\Dev\c-study\NadoCoding\NadoCoding\pointer.c(93,9): warning C4477: 'printf' : 서식 문자열 '%d'에 'int' 형식의 인수가 필요하지만 variadic 인수 1의 형식이 'int *'입니다.
C:\Dev\c-study\NadoCoding\NadoCoding\pointer.c(93,9): warning C4313: 'printf': 서식 문자열의 '%d'이(가) 인수 1('int *' 형식)과(와) 충돌합니다.
  NadoCoding.vcxproj -> C:\Dev\c-study\NadoCoding\x64\Debug\NadoCoding.exe
